thread[140709984446272]: 2024-04-07 14:55:31 RDMAClient Connecting: ResolveAddr Success
thread[140709984446272]: 2024-04-07 14:55:31 RDMAClient Connecting: ResolveRoute Success
thread[140709984446272]: 2024-04-07 14:55:31 ibv_post_recv (0)
thread[140709984446272]: 2024-04-07 14:55:31 ibv_post_recv (1)
thread[140709984446272]: 2024-04-07 14:55:31 ibv_post_recv (2)
thread[140709984446272]: 2024-04-07 14:55:31 ibv_post_recv (3)
thread[140709984446272]: 2024-04-07 14:55:31 ibv_post_recv (4)
thread[140709984446272]: 2024-04-07 14:55:31 ibv_post_recv (5)
thread[140709984446272]: 2024-04-07 14:55:31 ibv_post_recv (6)
thread[140709984446272]: 2024-04-07 14:55:31 ibv_post_recv (7)
thread[140709984446272]: 2024-04-07 14:55:31 ibv_post_recv (8)
thread[140709984446272]: 2024-04-07 14:55:31 ibv_post_recv (9)
thread[140709984446272]: 2024-04-07 14:55:31 ibv_post_recv (10)
thread[140709984446272]: 2024-04-07 14:55:31 ibv_post_recv (11)
thread[140709984446272]: 2024-04-07 14:55:31 ibv_post_recv (12)
thread[140709984446272]: 2024-04-07 14:55:31 ibv_post_recv (13)
thread[140709984446272]: 2024-04-07 14:55:31 ibv_post_recv (14)
thread[140709984446272]: 2024-04-07 14:55:31 ibv_post_recv (15)
thread[140709984446272]: 2024-04-07 14:55:31 ibv_post_recv (16)
thread[140709984446272]: 2024-04-07 14:55:31 ibv_post_recv (17)
thread[140709984446272]: 2024-04-07 14:55:31 ibv_post_recv (18)
thread[140709984446272]: 2024-04-07 14:55:31 ibv_post_recv (19)
thread[140709984446272]: 2024-04-07 14:55:31 ibv_post_recv (20)
thread[140709984446272]: 2024-04-07 14:55:31 ibv_post_recv (21)
thread[140709984446272]: 2024-04-07 14:55:31 ibv_post_recv (22)
thread[140709984446272]: 2024-04-07 14:55:31 ibv_post_recv (23)
thread[140709984446272]: 2024-04-07 14:55:31 ibv_post_recv (24)
thread[140709984446272]: 2024-04-07 14:55:31 ibv_post_recv (25)
thread[140709984446272]: 2024-04-07 14:55:31 ibv_post_recv (26)
thread[140709984446272]: 2024-04-07 14:55:31 ibv_post_recv (27)
thread[140709984446272]: 2024-04-07 14:55:31 ibv_post_recv (28)
thread[140709984446272]: 2024-04-07 14:55:31 ibv_post_recv (29)
thread[140709984446272]: 2024-04-07 14:55:31 RDMAClient Connect Success
thread[140709984446272]: 2024-04-07 14:55:31 RDMAProxy Detach
thread[140709966788352]: 2024-04-07 14:55:31 SEND Msg(30)  : thread 0 : 0
thread[140709958395648]: 2024-04-07 14:55:31 SEND Msg(31)  : thread 1 : 0
thread[140709966788352]: 2024-04-07 14:55:31 SEND Msg(32)  : thread 0 : 1
thread[140709958395648]: 2024-04-07 14:55:31 SEND Msg(33)  : thread 1 : 1
thread[140709958395648]: 2024-04-07 14:55:31 SEND Msg(34)  : thread 1 : 2
thread[140709958395648]: 2024-04-07 14:55:31 SEND Msg(35)  : thread 1 : 3
thread[140709958395648]: 2024-04-07 14:55:31 SEND Msg(36)  : thread 1 : 4
thread[140709958395648]: 2024-04-07 14:55:31 SEND Msg(37)  : thread 1 : 5
thread[140709958395648]: 2024-04-07 14:55:31 SEND Msg(38)  : thread 1 : 6
thread[140709958395648]: 2024-04-07 14:55:31 SEND Msg(39)  : thread 1 : 7
thread[140709958395648]: 2024-04-07 14:55:31 SEND Msg(40)  : thread 1 : 8
thread[140709958395648]: 2024-04-07 14:55:31 SEND Msg(41)  : thread 1 : 9
thread[140709983573760]: 2024-04-07 14:55:31 SEND Msg(30) SUCCESS
thread[140709966788352]: 2024-04-07 14:55:31 SEND Msg(43)  : thread 0 : 2
thread[140709966788352]: 2024-04-07 14:55:31 SEND Msg(44)  : thread 0 : 3
thread[140709966788352]: 2024-04-07 14:55:31 SEND Msg(45)  : thread 0 : 4
thread[140709966788352]: 2024-04-07 14:55:31 SEND Msg(46)  : thread 0 : 5
thread[140709966788352]: 2024-04-07 14:55:31 SEND Msg(47)  : thread 0 : 6
thread[140709966788352]: 2024-04-07 14:55:31 SEND Msg(48)  : thread 0 : 7
thread[140709966788352]: 2024-04-07 14:55:31 SEND Msg(49)  : thread 0 : 8
thread[140709966788352]: 2024-04-07 14:55:31 SEND Msg(50)  : thread 0 : 9
thread[140709950002944]: 2024-04-07 14:55:31 SEND Msg(42)  : thread 2 : 0
thread[140709983573760]: 2024-04-07 14:55:31 SEND Msg(31) SUCCESS
thread[140709950002944]: 2024-04-07 14:55:31 SEND Msg(51)  : thread 2 : 1
thread[140709983573760]: 2024-04-07 14:55:31 SEND Msg(33) SUCCESS
thread[140709983573760]: 2024-04-07 14:55:31 SEND Msg(34) SUCCESS
thread[140709983573760]: 2024-04-07 14:55:31 SEND Msg(35) SUCCESS
thread[140709983573760]: 2024-04-07 14:55:31 SEND Msg(36) SUCCESS
thread[140709950002944]: 2024-04-07 14:55:31 SEND Msg(52)  : thread 2 : 2
thread[140709950002944]: 2024-04-07 14:55:31 SEND Msg(53)  : thread 2 : 3
thread[140709950002944]: 2024-04-07 14:55:31 SEND Msg(54)  : thread 2 : 4
thread[140709983573760]: 2024-04-07 14:55:31 SEND Msg(37) SUCCESS
thread[140709950002944]: 2024-04-07 14:55:31 SEND Msg(55)  : thread 2 : 5
thread[140709950002944]: 2024-04-07 14:55:31 SEND Msg(56)  : thread 2 : 6
thread[140709950002944]: 2024-04-07 14:55:31 SEND Msg(57)  : thread 2 : 7
thread[140709950002944]: 2024-04-07 14:55:31 SEND Msg(58)  : thread 2 : 8
thread[140709950002944]: 2024-04-07 14:55:31 SEND Msg(59)  : thread 2 : 9
thread[140709983573760]: 2024-04-07 14:55:31 SEND Msg(38) SUCCESS
thread[140709983573760]: 2024-04-07 14:55:31 SEND Msg(39) SUCCESS
thread[140709983573760]: 2024-04-07 14:55:31 SEND Msg(40) SUCCESS
thread[140709983573760]: 2024-04-07 14:55:31 SEND Msg(41) SUCCESS
thread[140709983573760]: 2024-04-07 14:55:31 SEND Msg(32) SUCCESS
thread[140709983573760]: 2024-04-07 14:55:31 SEND Msg(43) SUCCESS
thread[140709983573760]: 2024-04-07 14:55:31 SEND Msg(44) SUCCESS
thread[140709983573760]: 2024-04-07 14:55:31 SEND Msg(45) SUCCESS
thread[140709983573760]: 2024-04-07 14:55:31 SEND Msg(46) SUCCESS
thread[140709983573760]: 2024-04-07 14:55:31 SEND Msg(47) SUCCESS
thread[140709983573760]: 2024-04-07 14:55:31 SEND Msg(48) SUCCESS
thread[140709983573760]: 2024-04-07 14:55:31 SEND Msg(49) SUCCESS
thread[140709983573760]: 2024-04-07 14:55:31 SEND Msg(50) SUCCESS
thread[140709983573760]: 2024-04-07 14:55:31 SEND Msg(42) SUCCESS
thread[140709983573760]: 2024-04-07 14:55:31 SEND Msg(51) SUCCESS
thread[140709983573760]: 2024-04-07 14:55:31 SEND Msg(52) SUCCESS
thread[140709983573760]: 2024-04-07 14:55:31 SEND Msg(53) SUCCESS
thread[140709983573760]: 2024-04-07 14:55:31 SEND Msg(54) SUCCESS
thread[140709983573760]: 2024-04-07 14:55:31 SEND Msg(55) SUCCESS
thread[140709983573760]: 2024-04-07 14:55:31 SEND Msg(56) SUCCESS
thread[140709983573760]: 2024-04-07 14:55:31 SEND Msg(57) SUCCESS
thread[140709983573760]: 2024-04-07 14:55:31 SEND Msg(58) SUCCESS
thread[140709983573760]: 2024-04-07 14:55:31 SEND Msg(59) SUCCESS
thread[140709984446272]: 2024-04-07 14:55:34 Disconnect
thread[140709984446272]: 2024-04-07 14:55:34 Disconnect
thread[140709983573760]: 2024-04-07 14:55:34 PollCQ() Exit
thread[140709975181056]: 2024-04-07 14:55:34 RDMAProxy Disconnected
thread[140709984446272]: 2024-04-07 14:55:34 ~RDMAProxy() Done
thread[140709984446272]: 2024-04-07 14:55:34 ~MRManager()
thread[140709984446272]: 2024-04-07 14:55:34 ~MRManager()
