thread[140576118241088]: 2024-04-07 14:43:23 Listening on port 22222
thread[140576118241088]: 2024-04-07 14:43:23 RDMAServer BindAndListen Success
thread[140576118241088]: 2024-04-07 14:43:32 RDMAServer Receive Connect Request
thread[140576118241088]: 2024-04-07 14:43:32 ibv_post_recv (0)
thread[140576118241088]: 2024-04-07 14:43:32 ibv_post_recv (1)
thread[140576118241088]: 2024-04-07 14:43:32 ibv_post_recv (2)
thread[140576118241088]: 2024-04-07 14:43:32 ibv_post_recv (3)
thread[140576118241088]: 2024-04-07 14:43:32 ibv_post_recv (4)
thread[140576118241088]: 2024-04-07 14:43:32 ibv_post_recv (5)
thread[140576118241088]: 2024-04-07 14:43:32 ibv_post_recv (6)
thread[140576118241088]: 2024-04-07 14:43:32 ibv_post_recv (7)
thread[140576118241088]: 2024-04-07 14:43:32 ibv_post_recv (8)
thread[140576118241088]: 2024-04-07 14:43:32 ibv_post_recv (9)
thread[140576118241088]: 2024-04-07 14:43:32 ibv_post_recv (10)
thread[140576118241088]: 2024-04-07 14:43:32 ibv_post_recv (11)
thread[140576118241088]: 2024-04-07 14:43:32 ibv_post_recv (12)
thread[140576118241088]: 2024-04-07 14:43:32 ibv_post_recv (13)
thread[140576118241088]: 2024-04-07 14:43:32 ibv_post_recv (14)
thread[140576118241088]: 2024-04-07 14:43:32 ibv_post_recv (15)
thread[140576118241088]: 2024-04-07 14:43:32 ibv_post_recv (16)
thread[140576118241088]: 2024-04-07 14:43:32 ibv_post_recv (17)
thread[140576118241088]: 2024-04-07 14:43:32 ibv_post_recv (18)
thread[140576118241088]: 2024-04-07 14:43:32 ibv_post_recv (19)
thread[140576118241088]: 2024-04-07 14:43:32 ibv_post_recv (20)
thread[140576118241088]: 2024-04-07 14:43:32 ibv_post_recv (21)
thread[140576118241088]: 2024-04-07 14:43:32 ibv_post_recv (22)
thread[140576118241088]: 2024-04-07 14:43:32 ibv_post_recv (23)
thread[140576118241088]: 2024-04-07 14:43:32 ibv_post_recv (24)
thread[140576118241088]: 2024-04-07 14:43:32 ibv_post_recv (25)
thread[140576118241088]: 2024-04-07 14:43:32 ibv_post_recv (26)
thread[140576118241088]: 2024-04-07 14:43:32 ibv_post_recv (27)
thread[140576118241088]: 2024-04-07 14:43:32 ibv_post_recv (28)
thread[140576118241088]: 2024-04-07 14:43:32 ibv_post_recv (29)
thread[140576118241088]: 2024-04-07 14:43:32 RDMAServer Accept Success
thread[140576118241088]: 2024-04-07 14:43:32 RDMAProxy Detach
thread[140576117368576]: 2024-04-07 14:43:32 RECV Msg(0), addr:94713164333872 : thread 0 : 0
thread[140576117368576]: 2024-04-07 14:43:32 ibv_post_recv (30)
thread[140576117368576]: 2024-04-07 14:43:32 RECV Msg(1), addr:94713164333922 : thread 0 : 1
thread[140576117368576]: 2024-04-07 14:43:32 ibv_post_recv (31)
thread[140576117368576]: 2024-04-07 14:43:32 RECV Msg(2), addr:94713164333972 : thread 1 : 0
thread[140576117368576]: 2024-04-07 14:43:32 ibv_post_recv (32)
thread[140576117368576]: 2024-04-07 14:43:32 RECV Msg(3), addr:94713164334022 : thread 2 : 0
thread[140576117368576]: 2024-04-07 14:43:32 ibv_post_recv (33)
thread[140576117368576]: 2024-04-07 14:43:32 RECV Msg(4), addr:94713164334072 : thread 0 : 2
thread[140576117368576]: 2024-04-07 14:43:32 ibv_post_recv (34)
thread[140576117368576]: 2024-04-07 14:43:32 RECV Msg(5), addr:94713164334122 : thread 1 : 1
thread[140576117368576]: 2024-04-07 14:43:32 ibv_post_recv (35)
thread[140576117368576]: 2024-04-07 14:43:32 RECV Msg(6), addr:94713164334172 : thread 1 : 2
thread[140576117368576]: 2024-04-07 14:43:32 ibv_post_recv (36)
thread[140576117368576]: 2024-04-07 14:43:32 RECV Msg(7), addr:94713164334222 : thread 1 : 3
thread[140576117368576]: 2024-04-07 14:43:32 ibv_post_recv (37)
thread[140576117368576]: 2024-04-07 14:43:32 RECV Msg(8), addr:94713164334272 : thread 1 : 4
thread[140576117368576]: 2024-04-07 14:43:32 ibv_post_recv (38)
thread[140576117368576]: 2024-04-07 14:43:32 RECV Msg(9), addr:94713164334322 : thread 1 : 5
thread[140576117368576]: 2024-04-07 14:43:32 ibv_post_recv (39)
thread[140576117368576]: 2024-04-07 14:43:32 RECV Msg(10), addr:94713164334372 : thread 1 : 6
thread[140576117368576]: 2024-04-07 14:43:32 ibv_post_recv (40)
thread[140576117368576]: 2024-04-07 14:43:32 RECV Msg(11), addr:94713164334422 : thread 1 : 7
thread[140576117368576]: 2024-04-07 14:43:32 ibv_post_recv (41)
thread[140576117368576]: 2024-04-07 14:43:32 RECV Msg(12), addr:94713164334472 : thread 1 : 8
thread[140576117368576]: 2024-04-07 14:43:32 ibv_post_recv (42)
thread[140576117368576]: 2024-04-07 14:43:32 RECV Msg(13), addr:94713164334522 : thread 1 : 9
thread[140576117368576]: 2024-04-07 14:43:32 ibv_post_recv (43)
thread[140576117368576]: 2024-04-07 14:43:32 RECV Msg(14), addr:94713164334572 : thread 2 : 1
thread[140576117368576]: 2024-04-07 14:43:32 ibv_post_recv (44)
thread[140576117368576]: 2024-04-07 14:43:32 RECV Msg(15), addr:94713164334622 : thread 2 : 2
thread[140576117368576]: 2024-04-07 14:43:32 ibv_post_recv (45)
thread[140576117368576]: 2024-04-07 14:43:32 RECV Msg(16), addr:94713164334672 : thread 2 : 3
thread[140576117368576]: 2024-04-07 14:43:32 ibv_post_recv (46)
thread[140576117368576]: 2024-04-07 14:43:32 RECV Msg(17), addr:94713164334722 : thread 0 : 3
thread[140576117368576]: 2024-04-07 14:43:32 ibv_post_recv (47)
thread[140576117368576]: 2024-04-07 14:43:32 RECV Msg(18), addr:94713164334772 : thread 0 : 4
thread[140576117368576]: 2024-04-07 14:43:32 ibv_post_recv (48)
thread[140576117368576]: 2024-04-07 14:43:32 RECV Msg(19), addr:94713164334822 : thread 0 : 5
thread[140576117368576]: 2024-04-07 14:43:32 ibv_post_recv (49)
thread[140576117368576]: 2024-04-07 14:43:32 RECV Msg(20), addr:94713164334872 : thread 0 : 6
thread[140576117368576]: 2024-04-07 14:43:32 ibv_post_recv (50)
thread[140576117368576]: 2024-04-07 14:43:32 RECV Msg(21), addr:94713164334922 : thread 0 : 7
thread[140576117368576]: 2024-04-07 14:43:32 ibv_post_recv (51)
thread[140576117368576]: 2024-04-07 14:43:32 RECV Msg(22), addr:94713164334972 : thread 0 : 8
thread[140576117368576]: 2024-04-07 14:43:32 ibv_post_recv (52)
thread[140576117368576]: 2024-04-07 14:43:32 RECV Msg(23), addr:94713164335022 : thread 0 : 9
thread[140576117368576]: 2024-04-07 14:43:32 ibv_post_recv (53)
thread[140576117368576]: 2024-04-07 14:43:32 RECV Msg(24), addr:94713164335072 : thread 2 : 4
thread[140576117368576]: 2024-04-07 14:43:32 ibv_post_recv (54)
thread[140576117368576]: 2024-04-07 14:43:32 RECV Msg(25), addr:94713164335122 : thread 2 : 5
thread[140576117368576]: 2024-04-07 14:43:32 ibv_post_recv (55)
thread[140576117368576]: 2024-04-07 14:43:32 RECV Msg(26), addr:94713164335172 : thread 2 : 6
thread[140576117368576]: 2024-04-07 14:43:32 ibv_post_recv (56)
thread[140576117368576]: 2024-04-07 14:43:32 RECV Msg(27), addr:94713164335222 : thread 2 : 7
thread[140576117368576]: 2024-04-07 14:43:32 ibv_post_recv (57)
thread[140576117368576]: 2024-04-07 14:43:32 RECV Msg(28), addr:94713164335272 : thread 2 : 8
thread[140576117368576]: 2024-04-07 14:43:32 ibv_post_recv (58)
thread[140576117368576]: 2024-04-07 14:43:32 RECV Msg(29), addr:94713164335322 : thread 2 : 9
thread[140576117368576]: 2024-04-07 14:43:32 ibv_post_recv (59)
thread[140576108975872]: 2024-04-07 14:43:35 RDMAProxy Disconnected
thread[140576118241088]: 2024-04-07 14:43:35 RecvMessage: Proxy Closing
thread[140576118241088]: 2024-04-07 14:43:35 Disconnect
thread[140576117368576]: 2024-04-07 14:43:35 PollCQ() Exit
thread[140576118241088]: 2024-04-07 14:43:35 ~RDMAProxy() Done
thread[140576118241088]: 2024-04-07 14:43:35 ~MRManager()
thread[140576118241088]: 2024-04-07 14:43:35 ~MRManager()
thread[140576118241088]: 2024-04-07 14:46:13 RDMAServer Receive Connect Request
thread[140576118241088]: 2024-04-07 14:46:13 ibv_post_recv (0)
thread[140576118241088]: 2024-04-07 14:46:13 ibv_post_recv (1)
thread[140576118241088]: 2024-04-07 14:46:13 ibv_post_recv (2)
thread[140576118241088]: 2024-04-07 14:46:13 ibv_post_recv (3)
thread[140576118241088]: 2024-04-07 14:46:13 ibv_post_recv (4)
thread[140576118241088]: 2024-04-07 14:46:13 ibv_post_recv (5)
thread[140576118241088]: 2024-04-07 14:46:13 ibv_post_recv (6)
thread[140576118241088]: 2024-04-07 14:46:13 ibv_post_recv (7)
thread[140576118241088]: 2024-04-07 14:46:13 ibv_post_recv (8)
thread[140576118241088]: 2024-04-07 14:46:13 ibv_post_recv (9)
thread[140576118241088]: 2024-04-07 14:46:13 ibv_post_recv (10)
thread[140576118241088]: 2024-04-07 14:46:13 ibv_post_recv (11)
thread[140576118241088]: 2024-04-07 14:46:13 ibv_post_recv (12)
thread[140576118241088]: 2024-04-07 14:46:13 ibv_post_recv (13)
thread[140576118241088]: 2024-04-07 14:46:13 ibv_post_recv (14)
thread[140576118241088]: 2024-04-07 14:46:13 ibv_post_recv (15)
thread[140576118241088]: 2024-04-07 14:46:13 ibv_post_recv (16)
thread[140576118241088]: 2024-04-07 14:46:13 ibv_post_recv (17)
thread[140576118241088]: 2024-04-07 14:46:13 ibv_post_recv (18)
thread[140576118241088]: 2024-04-07 14:46:13 ibv_post_recv (19)
thread[140576118241088]: 2024-04-07 14:46:13 ibv_post_recv (20)
thread[140576118241088]: 2024-04-07 14:46:13 ibv_post_recv (21)
thread[140576118241088]: 2024-04-07 14:46:13 ibv_post_recv (22)
thread[140576118241088]: 2024-04-07 14:46:13 ibv_post_recv (23)
thread[140576118241088]: 2024-04-07 14:46:13 ibv_post_recv (24)
thread[140576118241088]: 2024-04-07 14:46:13 ibv_post_recv (25)
thread[140576118241088]: 2024-04-07 14:46:13 ibv_post_recv (26)
thread[140576118241088]: 2024-04-07 14:46:13 ibv_post_recv (27)
thread[140576118241088]: 2024-04-07 14:46:13 ibv_post_recv (28)
thread[140576118241088]: 2024-04-07 14:46:13 ibv_post_recv (29)
thread[140576117368576]: 2024-04-07 14:46:13 RECV Msg(0), addr:94713164333872 : thread 0 : 0
thread[140576117368576]: 2024-04-07 14:46:13 ibv_post_recv (30)
thread[140576117368576]: 2024-04-07 14:46:13 RECV Msg(1), addr:94713164333922 : thread 1 : 0
thread[140576117368576]: 2024-04-07 14:46:13 ibv_post_recv (31)
thread[140576117368576]: 2024-04-07 14:46:13 RECV Msg(2), addr:94713164333972 : thread 1 : 1
thread[140576117368576]: 2024-04-07 14:46:13 ibv_post_recv (32)
thread[140576117368576]: 2024-04-07 14:46:13 RECV Msg(3), addr:94713164334022 : thread 1 : 2
thread[140576117368576]: 2024-04-07 14:46:13 ibv_post_recv (33)
thread[140576117368576]: 2024-04-07 14:46:13 RECV Msg(4), addr:94713164334072 : thread 1 : 3
thread[140576117368576]: 2024-04-07 14:46:13 ibv_post_recv (34)
thread[140576117368576]: 2024-04-07 14:46:13 RECV Msg(5), addr:94713164334122 : thread 1 : 4
thread[140576117368576]: 2024-04-07 14:46:13 ibv_post_recv (35)
thread[140576117368576]: 2024-04-07 14:46:13 RECV Msg(6), addr:94713164334172 : thread 1 : 5
thread[140576117368576]: 2024-04-07 14:46:13 ibv_post_recv (36)
thread[140576117368576]: 2024-04-07 14:46:13 RECV Msg(7), addr:94713164334222 : thread 1 : 6
thread[140576117368576]: 2024-04-07 14:46:13 ibv_post_recv (37)
thread[140576117368576]: 2024-04-07 14:46:13 RECV Msg(8), addr:94713164334272 : thread 1 : 7
thread[140576117368576]: 2024-04-07 14:46:13 ibv_post_recv (38)
thread[140576117368576]: 2024-04-07 14:46:13 RECV Msg(9), addr:94713164334322 : thread 1 : 8
thread[140576117368576]: 2024-04-07 14:46:13 ibv_post_recv (39)
thread[140576117368576]: 2024-04-07 14:46:13 RECV Msg(10), addr:94713164334372 : thread 1 : 9
thread[140576117368576]: 2024-04-07 14:46:13 ibv_post_recv (40)
thread[140576118241088]: 2024-04-07 14:46:13 RDMAServer Accept Success
thread[140576118241088]: 2024-04-07 14:46:13 RDMAProxy Detach
thread[140576117368576]: 2024-04-07 14:46:13 RECV Msg(11), addr:94713164334422 : thread 2 : 0
thread[140576117368576]: 2024-04-07 14:46:13 ibv_post_recv (41)
thread[140576117368576]: 2024-04-07 14:46:13 RECV Msg(12), addr:94713164334472 : thread 2 : 1
thread[140576117368576]: 2024-04-07 14:46:13 ibv_post_recv (42)
thread[140576117368576]: 2024-04-07 14:46:13 RECV Msg(13), addr:94713164334522 : thread 2 : 2
thread[140576117368576]: 2024-04-07 14:46:13 ibv_post_recv (43)
thread[140576117368576]: 2024-04-07 14:46:13 RECV Msg(14), addr:94713164334572 : thread 2 : 3
thread[140576117368576]: 2024-04-07 14:46:13 ibv_post_recv (44)
thread[140576117368576]: 2024-04-07 14:46:13 RECV Msg(15), addr:94713164334622 : thread 2 : 4
thread[140576117368576]: 2024-04-07 14:46:13 ibv_post_recv (45)
thread[140576117368576]: 2024-04-07 14:46:13 RECV Msg(16), addr:94713164334672 : thread 2 : 5
thread[140576117368576]: 2024-04-07 14:46:13 ibv_post_recv (46)
thread[140576117368576]: 2024-04-07 14:46:13 RECV Msg(17), addr:94713164334722 : thread 2 : 6
thread[140576117368576]: 2024-04-07 14:46:13 ibv_post_recv (47)
thread[140576117368576]: 2024-04-07 14:46:13 RECV Msg(18), addr:94713164334772 : thread 2 : 7
thread[140576117368576]: 2024-04-07 14:46:13 ibv_post_recv (48)
thread[140576117368576]: 2024-04-07 14:46:13 RECV Msg(19), addr:94713164334822 : thread 2 : 8
thread[140576117368576]: 2024-04-07 14:46:13 ibv_post_recv (49)
thread[140576117368576]: 2024-04-07 14:46:13 RECV Msg(20), addr:94713164334872 : thread 2 : 9
thread[140576117368576]: 2024-04-07 14:46:13 ibv_post_recv (50)
thread[140576117368576]: 2024-04-07 14:46:13 RECV Msg(21), addr:94713164334922 : thread 0 : 1
thread[140576117368576]: 2024-04-07 14:46:13 ibv_post_recv (51)
thread[140576117368576]: 2024-04-07 14:46:13 RECV Msg(22), addr:94713164334972 : thread 0 : 2
thread[140576117368576]: 2024-04-07 14:46:13 ibv_post_recv (52)
thread[140576117368576]: 2024-04-07 14:46:13 RECV Msg(23), addr:94713164335022 : thread 0 : 3
thread[140576117368576]: 2024-04-07 14:46:13 ibv_post_recv (53)
thread[140576117368576]: 2024-04-07 14:46:13 RECV Msg(24), addr:94713164335072 : thread 0 : 4
thread[140576117368576]: 2024-04-07 14:46:13 ibv_post_recv (54)
thread[140576117368576]: 2024-04-07 14:46:13 RECV Msg(25), addr:94713164335122 : thread 0 : 5
thread[140576117368576]: 2024-04-07 14:46:13 ibv_post_recv (55)
thread[140576117368576]: 2024-04-07 14:46:13 RECV Msg(26), addr:94713164335172 : thread 0 : 6
thread[140576117368576]: 2024-04-07 14:46:13 ibv_post_recv (56)
thread[140576117368576]: 2024-04-07 14:46:13 RECV Msg(27), addr:94713164335222 : thread 0 : 7
thread[140576117368576]: 2024-04-07 14:46:13 ibv_post_recv (57)
thread[140576117368576]: 2024-04-07 14:46:13 RECV Msg(28), addr:94713164335272 : thread 0 : 8
thread[140576117368576]: 2024-04-07 14:46:13 ibv_post_recv (58)
thread[140576117368576]: 2024-04-07 14:46:13 RECV Msg(29), addr:94713164335322 : thread 0 : 9
thread[140576117368576]: 2024-04-07 14:46:13 ibv_post_recv (59)
thread[140576108975872]: 2024-04-07 14:46:16 RDMAProxy Disconnected
thread[140576118241088]: 2024-04-07 14:46:17 RecvMessage: Proxy Closing
thread[140576118241088]: 2024-04-07 14:46:17 Disconnect
thread[140576117368576]: 2024-04-07 14:46:17 PollCQ() Exit
thread[140576118241088]: 2024-04-07 14:46:17 ~RDMAProxy() Done
thread[140576118241088]: 2024-04-07 14:46:17 ~MRManager()
thread[140576118241088]: 2024-04-07 14:46:17 ~MRManager()
thread[140576118241088]: 2024-04-07 14:49:48 RDMAServer Receive Connect Request
thread[140576118241088]: 2024-04-07 14:49:48 ibv_post_recv (0)
thread[140576118241088]: 2024-04-07 14:49:48 ibv_post_recv (1)
thread[140576118241088]: 2024-04-07 14:49:48 ibv_post_recv (2)
thread[140576118241088]: 2024-04-07 14:49:48 ibv_post_recv (3)
thread[140576118241088]: 2024-04-07 14:49:48 ibv_post_recv (4)
thread[140576118241088]: 2024-04-07 14:49:48 ibv_post_recv (5)
thread[140576118241088]: 2024-04-07 14:49:48 ibv_post_recv (6)
thread[140576118241088]: 2024-04-07 14:49:48 ibv_post_recv (7)
thread[140576118241088]: 2024-04-07 14:49:48 ibv_post_recv (8)
thread[140576118241088]: 2024-04-07 14:49:48 ibv_post_recv (9)
thread[140576118241088]: 2024-04-07 14:49:48 ibv_post_recv (10)
thread[140576118241088]: 2024-04-07 14:49:48 ibv_post_recv (11)
thread[140576118241088]: 2024-04-07 14:49:48 ibv_post_recv (12)
thread[140576118241088]: 2024-04-07 14:49:48 ibv_post_recv (13)
thread[140576118241088]: 2024-04-07 14:49:48 ibv_post_recv (14)
thread[140576118241088]: 2024-04-07 14:49:48 ibv_post_recv (15)
thread[140576118241088]: 2024-04-07 14:49:48 ibv_post_recv (16)
thread[140576118241088]: 2024-04-07 14:49:48 ibv_post_recv (17)
thread[140576118241088]: 2024-04-07 14:49:48 ibv_post_recv (18)
thread[140576118241088]: 2024-04-07 14:49:48 ibv_post_recv (19)
thread[140576118241088]: 2024-04-07 14:49:48 ibv_post_recv (20)
thread[140576118241088]: 2024-04-07 14:49:48 ibv_post_recv (21)
thread[140576118241088]: 2024-04-07 14:49:48 ibv_post_recv (22)
thread[140576118241088]: 2024-04-07 14:49:48 ibv_post_recv (23)
thread[140576118241088]: 2024-04-07 14:49:48 ibv_post_recv (24)
thread[140576118241088]: 2024-04-07 14:49:48 ibv_post_recv (25)
thread[140576118241088]: 2024-04-07 14:49:48 ibv_post_recv (26)
thread[140576118241088]: 2024-04-07 14:49:48 ibv_post_recv (27)
thread[140576118241088]: 2024-04-07 14:49:48 ibv_post_recv (28)
thread[140576118241088]: 2024-04-07 14:49:48 ibv_post_recv (29)
thread[140576117368576]: 2024-04-07 14:49:48 RECV Msg(0), addr:94713164333872 : thread 0 : 0
thread[140576117368576]: 2024-04-07 14:49:48 ibv_post_recv (30)
thread[140576117368576]: 2024-04-07 14:49:48 RECV Msg(1), addr:94713164333922 : thread 0 : 1
thread[140576117368576]: 2024-04-07 14:49:48 ibv_post_recv (31)
thread[140576117368576]: 2024-04-07 14:49:48 RECV Msg(2), addr:94713164333972 : thread 0 : 2
thread[140576117368576]: 2024-04-07 14:49:48 ibv_post_recv (32)
thread[140576117368576]: 2024-04-07 14:49:48 RECV Msg(3), addr:94713164334022 : thread 0 : 3
thread[140576117368576]: 2024-04-07 14:49:48 ibv_post_recv (33)
thread[140576117368576]: 2024-04-07 14:49:48 RECV Msg(4), addr:94713164334072 : thread 0 : 4
thread[140576117368576]: 2024-04-07 14:49:48 ibv_post_recv (34)
thread[140576117368576]: 2024-04-07 14:49:48 RECV Msg(5), addr:94713164334122 : thread 0 : 5
thread[140576117368576]: 2024-04-07 14:49:48 ibv_post_recv (35)
thread[140576117368576]: 2024-04-07 14:49:48 RECV Msg(6), addr:94713164334172 : thread 0 : 6
thread[140576117368576]: 2024-04-07 14:49:48 ibv_post_recv (36)
thread[140576117368576]: 2024-04-07 14:49:48 RECV Msg(7), addr:94713164334222 : thread 0 : 7
thread[140576117368576]: 2024-04-07 14:49:48 ibv_post_recv (37)
thread[140576117368576]: 2024-04-07 14:49:48 RECV Msg(8), addr:94713164334272 : thread 0 : 8
thread[140576117368576]: 2024-04-07 14:49:48 ibv_post_recv (38)
thread[140576117368576]: 2024-04-07 14:49:48 RECV Msg(9), addr:94713164334322 : thread 0 : 9
thread[140576117368576]: 2024-04-07 14:49:48 ibv_post_recv (39)
thread[140576117368576]: 2024-04-07 14:49:48 RECV Msg(10), addr:94713164334372 : thread 2 : 0
thread[140576117368576]: 2024-04-07 14:49:48 ibv_post_recv (40)
thread[140576117368576]: 2024-04-07 14:49:48 RECV Msg(11), addr:94713164334422 : thread 2 : 1
thread[140576117368576]: 2024-04-07 14:49:48 ibv_post_recv (41)
thread[140576117368576]: 2024-04-07 14:49:48 RECV Msg(12), addr:94713164334472 : thread 2 : 2
thread[140576117368576]: 2024-04-07 14:49:48 ibv_post_recv (42)
thread[140576117368576]: 2024-04-07 14:49:48 RECV Msg(13), addr:94713164334522 : thread 2 : 3
thread[140576117368576]: 2024-04-07 14:49:48 ibv_post_recv (43)
thread[140576117368576]: 2024-04-07 14:49:48 RECV Msg(14), addr:94713164334572 : thread 2 : 4
thread[140576117368576]: 2024-04-07 14:49:48 ibv_post_recv (44)
thread[140576117368576]: 2024-04-07 14:49:48 RECV Msg(15), addr:94713164334622 : thread 2 : 5
thread[140576117368576]: 2024-04-07 14:49:48 ibv_post_recv (45)
thread[140576117368576]: 2024-04-07 14:49:48 RECV Msg(16), addr:94713164334672 : thread 2 : 6
thread[140576117368576]: 2024-04-07 14:49:48 ibv_post_recv (46)
thread[140576117368576]: 2024-04-07 14:49:48 RECV Msg(17), addr:94713164334722 : thread 2 : 7
thread[140576117368576]: 2024-04-07 14:49:48 ibv_post_recv (47)
thread[140576117368576]: 2024-04-07 14:49:48 RECV Msg(18), addr:94713164334772 : thread 2 : 8
thread[140576117368576]: 2024-04-07 14:49:48 ibv_post_recv (48)
thread[140576117368576]: 2024-04-07 14:49:48 RECV Msg(19), addr:94713164334822 : thread 2 : 9
thread[140576117368576]: 2024-04-07 14:49:48 ibv_post_recv (49)
thread[140576117368576]: 2024-04-07 14:49:48 RECV Msg(20), addr:94713164334872 : thread 1 : 0
thread[140576117368576]: 2024-04-07 14:49:48 ibv_post_recv (50)
thread[140576117368576]: 2024-04-07 14:49:48 RECV Msg(21), addr:94713164334922 : thread 1 : 1
thread[140576117368576]: 2024-04-07 14:49:48 ibv_post_recv (51)
thread[140576117368576]: 2024-04-07 14:49:48 RECV Msg(22), addr:94713164334972 : thread 1 : 2
thread[140576117368576]: 2024-04-07 14:49:48 ibv_post_recv (52)
thread[140576117368576]: 2024-04-07 14:49:48 RECV Msg(23), addr:94713164335022 : thread 1 : 3
thread[140576117368576]: 2024-04-07 14:49:48 ibv_post_recv (53)
thread[140576117368576]: 2024-04-07 14:49:48 RECV Msg(24), addr:94713164335072 : thread 1 : 4
thread[140576117368576]: 2024-04-07 14:49:48 ibv_post_recv (54)
thread[140576117368576]: 2024-04-07 14:49:48 RECV Msg(25), addr:94713164335122 : thread 1 : 5
thread[140576117368576]: 2024-04-07 14:49:48 ibv_post_recv (55)
thread[140576117368576]: 2024-04-07 14:49:48 RECV Msg(26), addr:94713164335172 : thread 1 : 6
thread[140576117368576]: 2024-04-07 14:49:48 ibv_post_recv (56)
thread[140576117368576]: 2024-04-07 14:49:48 RECV Msg(27), addr:94713164335222 : thread 1 : 7
thread[140576117368576]: 2024-04-07 14:49:48 ibv_post_recv (57)
thread[140576117368576]: 2024-04-07 14:49:48 RECV Msg(28), addr:94713164335272 : thread 1 : 8
thread[140576117368576]: 2024-04-07 14:49:48 ibv_post_recv (58)
thread[140576117368576]: 2024-04-07 14:49:48 RECV Msg(29), addr:94713164335322 : thread 1 : 9
thread[140576117368576]: 2024-04-07 14:49:48 ibv_post_recv (59)
thread[140576118241088]: 2024-04-07 14:49:48 RDMAServer Accept Success
thread[140576118241088]: 2024-04-07 14:49:48 RDMAProxy Detach
thread[140576108975872]: 2024-04-07 14:49:51 RDMAProxy Disconnected
thread[140576118241088]: 2024-04-07 14:49:51 RecvMessage: Proxy Closing
thread[140576118241088]: 2024-04-07 14:49:51 Disconnect
thread[140576117368576]: 2024-04-07 14:49:51 PollCQ() Exit
thread[140576118241088]: 2024-04-07 14:49:51 ~RDMAProxy() Done
thread[140576118241088]: 2024-04-07 14:49:51 ~MRManager()
thread[140576118241088]: 2024-04-07 14:49:51 ~MRManager()
thread[140576118241088]: 2024-04-07 14:50:47 RDMAServer Receive Connect Request
thread[140576118241088]: 2024-04-07 14:50:47 ibv_post_recv (0)
thread[140576118241088]: 2024-04-07 14:50:47 ibv_post_recv (1)
thread[140576118241088]: 2024-04-07 14:50:47 ibv_post_recv (2)
thread[140576118241088]: 2024-04-07 14:50:47 ibv_post_recv (3)
thread[140576118241088]: 2024-04-07 14:50:47 ibv_post_recv (4)
thread[140576118241088]: 2024-04-07 14:50:47 ibv_post_recv (5)
thread[140576118241088]: 2024-04-07 14:50:47 ibv_post_recv (6)
thread[140576118241088]: 2024-04-07 14:50:47 ibv_post_recv (7)
thread[140576118241088]: 2024-04-07 14:50:47 ibv_post_recv (8)
thread[140576118241088]: 2024-04-07 14:50:47 ibv_post_recv (9)
thread[140576118241088]: 2024-04-07 14:50:47 ibv_post_recv (10)
thread[140576118241088]: 2024-04-07 14:50:47 ibv_post_recv (11)
thread[140576118241088]: 2024-04-07 14:50:47 ibv_post_recv (12)
thread[140576118241088]: 2024-04-07 14:50:47 ibv_post_recv (13)
thread[140576118241088]: 2024-04-07 14:50:47 ibv_post_recv (14)
thread[140576118241088]: 2024-04-07 14:50:47 ibv_post_recv (15)
thread[140576118241088]: 2024-04-07 14:50:47 ibv_post_recv (16)
thread[140576118241088]: 2024-04-07 14:50:47 ibv_post_recv (17)
thread[140576118241088]: 2024-04-07 14:50:47 ibv_post_recv (18)
thread[140576118241088]: 2024-04-07 14:50:47 ibv_post_recv (19)
thread[140576118241088]: 2024-04-07 14:50:47 ibv_post_recv (20)
thread[140576118241088]: 2024-04-07 14:50:47 ibv_post_recv (21)
thread[140576118241088]: 2024-04-07 14:50:47 ibv_post_recv (22)
thread[140576118241088]: 2024-04-07 14:50:47 ibv_post_recv (23)
thread[140576118241088]: 2024-04-07 14:50:47 ibv_post_recv (24)
thread[140576118241088]: 2024-04-07 14:50:47 ibv_post_recv (25)
thread[140576118241088]: 2024-04-07 14:50:47 ibv_post_recv (26)
thread[140576118241088]: 2024-04-07 14:50:47 ibv_post_recv (27)
thread[140576118241088]: 2024-04-07 14:50:47 ibv_post_recv (28)
thread[140576118241088]: 2024-04-07 14:50:47 ibv_post_recv (29)
thread[140576118241088]: 2024-04-07 14:50:47 RDMAServer Accept Success
thread[140576118241088]: 2024-04-07 14:50:47 RDMAProxy Detach
thread[140576117368576]: 2024-04-07 14:50:47 RECV Msg(0), addr:94713164346336 : thread 0 : 0
thread[140576117368576]: 2024-04-07 14:50:47 ibv_post_recv (30)
thread[140576117368576]: 2024-04-07 14:50:47 RECV Msg(1), addr:94713164346386 : thread 0 : 1
thread[140576117368576]: 2024-04-07 14:50:47 ibv_post_recv (31)
thread[140576117368576]: 2024-04-07 14:50:47 RECV Msg(2), addr:94713164346436 : thread 0 : 2
thread[140576117368576]: 2024-04-07 14:50:47 ibv_post_recv (32)
thread[140576117368576]: 2024-04-07 14:50:47 RECV Msg(3), addr:94713164346486 : thread 0 : 3
thread[140576117368576]: 2024-04-07 14:50:47 ibv_post_recv (33)
thread[140576117368576]: 2024-04-07 14:50:47 RECV Msg(4), addr:94713164346536 : thread 0 : 4
thread[140576117368576]: 2024-04-07 14:50:47 ibv_post_recv (34)
thread[140576117368576]: 2024-04-07 14:50:47 RECV Msg(5), addr:94713164346586 : thread 0 : 5
thread[140576117368576]: 2024-04-07 14:50:47 ibv_post_recv (35)
thread[140576117368576]: 2024-04-07 14:50:47 RECV Msg(6), addr:94713164346636 : thread 0 : 6
thread[140576117368576]: 2024-04-07 14:50:47 ibv_post_recv (36)
thread[140576117368576]: 2024-04-07 14:50:47 RECV Msg(7), addr:94713164346686 : thread 0 : 7
thread[140576117368576]: 2024-04-07 14:50:47 ibv_post_recv (37)
thread[140576117368576]: 2024-04-07 14:50:47 RECV Msg(8), addr:94713164346736 : thread 0 : 8
thread[140576117368576]: 2024-04-07 14:50:47 ibv_post_recv (38)
thread[140576117368576]: 2024-04-07 14:50:47 RECV Msg(9), addr:94713164346786 : thread 0 : 9
thread[140576117368576]: 2024-04-07 14:50:47 ibv_post_recv (39)
thread[140576117368576]: 2024-04-07 14:50:47 RECV Msg(10), addr:94713164346836 : thread 1 : 0
thread[140576117368576]: 2024-04-07 14:50:47 ibv_post_recv (40)
thread[140576117368576]: 2024-04-07 14:50:47 RECV Msg(11), addr:94713164346886 : thread 1 : 1
thread[140576117368576]: 2024-04-07 14:50:47 ibv_post_recv (41)
thread[140576117368576]: 2024-04-07 14:50:47 RECV Msg(12), addr:94713164346936 : thread 1 : 2
thread[140576117368576]: 2024-04-07 14:50:47 ibv_post_recv (42)
thread[140576117368576]: 2024-04-07 14:50:47 RECV Msg(13), addr:94713164346986 : thread 1 : 3
thread[140576117368576]: 2024-04-07 14:50:47 ibv_post_recv (43)
thread[140576117368576]: 2024-04-07 14:50:47 RECV Msg(14), addr:94713164347036 : thread 1 : 4
thread[140576117368576]: 2024-04-07 14:50:47 ibv_post_recv (44)
thread[140576117368576]: 2024-04-07 14:50:47 RECV Msg(15), addr:94713164347086 : thread 1 : 5
thread[140576117368576]: 2024-04-07 14:50:47 ibv_post_recv (45)
thread[140576117368576]: 2024-04-07 14:50:47 RECV Msg(16), addr:94713164347136 : thread 1 : 6
thread[140576117368576]: 2024-04-07 14:50:47 ibv_post_recv (46)
thread[140576117368576]: 2024-04-07 14:50:47 RECV Msg(17), addr:94713164347186 : thread 1 : 7
thread[140576117368576]: 2024-04-07 14:50:47 ibv_post_recv (47)
thread[140576117368576]: 2024-04-07 14:50:47 RECV Msg(18), addr:94713164347236 : thread 1 : 8
thread[140576117368576]: 2024-04-07 14:50:47 ibv_post_recv (48)
thread[140576117368576]: 2024-04-07 14:50:47 RECV Msg(19), addr:94713164347286 : thread 1 : 9
thread[140576117368576]: 2024-04-07 14:50:47 ibv_post_recv (49)
thread[140576117368576]: 2024-04-07 14:50:47 RECV Msg(20), addr:94713164347336 : thread 2 : 0
thread[140576117368576]: 2024-04-07 14:50:47 ibv_post_recv (50)
thread[140576117368576]: 2024-04-07 14:50:47 RECV Msg(21), addr:94713164347386 : thread 2 : 1
thread[140576117368576]: 2024-04-07 14:50:47 ibv_post_recv (51)
thread[140576117368576]: 2024-04-07 14:50:47 RECV Msg(22), addr:94713164347436 : thread 2 : 2
thread[140576117368576]: 2024-04-07 14:50:47 ibv_post_recv (52)
thread[140576117368576]: 2024-04-07 14:50:47 RECV Msg(23), addr:94713164347486 : thread 2 : 3
thread[140576117368576]: 2024-04-07 14:50:47 ibv_post_recv (53)
thread[140576117368576]: 2024-04-07 14:50:47 RECV Msg(24), addr:94713164347536 : thread 2 : 4
thread[140576117368576]: 2024-04-07 14:50:47 ibv_post_recv (54)
thread[140576117368576]: 2024-04-07 14:50:47 RECV Msg(25), addr:94713164347586 : thread 2 : 5
thread[140576117368576]: 2024-04-07 14:50:47 ibv_post_recv (55)
thread[140576117368576]: 2024-04-07 14:50:47 RECV Msg(26), addr:94713164347636 : thread 2 : 6
thread[140576117368576]: 2024-04-07 14:50:47 ibv_post_recv (56)
thread[140576117368576]: 2024-04-07 14:50:47 RECV Msg(27), addr:94713164347686 : thread 2 : 7
thread[140576117368576]: 2024-04-07 14:50:47 ibv_post_recv (57)
thread[140576117368576]: 2024-04-07 14:50:47 RECV Msg(28), addr:94713164347736 : thread 2 : 8
thread[140576117368576]: 2024-04-07 14:50:47 ibv_post_recv (58)
thread[140576117368576]: 2024-04-07 14:50:47 RECV Msg(29), addr:94713164347786 : thread 2 : 9
thread[140576117368576]: 2024-04-07 14:50:47 ibv_post_recv (59)
thread[140576108975872]: 2024-04-07 14:50:50 RDMAProxy Disconnected
thread[140576118241088]: 2024-04-07 14:50:50 RecvMessage: Proxy Closing
thread[140576118241088]: 2024-04-07 14:50:50 Disconnect
thread[140576117368576]: 2024-04-07 14:50:50 PollCQ() Exit
thread[140576118241088]: 2024-04-07 14:50:50 ~RDMAProxy() Done
thread[140576118241088]: 2024-04-07 14:50:50 ~MRManager()
thread[140576118241088]: 2024-04-07 14:50:50 ~MRManager()
thread[140576118241088]: 2024-04-07 14:51:22 RDMAServer Receive Connect Request
thread[140576118241088]: 2024-04-07 14:51:22 ibv_post_recv (0)
thread[140576118241088]: 2024-04-07 14:51:22 ibv_post_recv (1)
thread[140576118241088]: 2024-04-07 14:51:22 ibv_post_recv (2)
thread[140576118241088]: 2024-04-07 14:51:22 ibv_post_recv (3)
thread[140576118241088]: 2024-04-07 14:51:22 ibv_post_recv (4)
thread[140576118241088]: 2024-04-07 14:51:22 ibv_post_recv (5)
thread[140576118241088]: 2024-04-07 14:51:22 ibv_post_recv (6)
thread[140576118241088]: 2024-04-07 14:51:22 ibv_post_recv (7)
thread[140576118241088]: 2024-04-07 14:51:22 ibv_post_recv (8)
thread[140576118241088]: 2024-04-07 14:51:22 ibv_post_recv (9)
thread[140576118241088]: 2024-04-07 14:51:22 ibv_post_recv (10)
thread[140576118241088]: 2024-04-07 14:51:22 ibv_post_recv (11)
thread[140576118241088]: 2024-04-07 14:51:22 ibv_post_recv (12)
thread[140576118241088]: 2024-04-07 14:51:22 ibv_post_recv (13)
thread[140576118241088]: 2024-04-07 14:51:22 ibv_post_recv (14)
thread[140576118241088]: 2024-04-07 14:51:22 ibv_post_recv (15)
thread[140576118241088]: 2024-04-07 14:51:22 ibv_post_recv (16)
thread[140576118241088]: 2024-04-07 14:51:22 ibv_post_recv (17)
thread[140576118241088]: 2024-04-07 14:51:22 ibv_post_recv (18)
thread[140576118241088]: 2024-04-07 14:51:22 ibv_post_recv (19)
thread[140576118241088]: 2024-04-07 14:51:22 ibv_post_recv (20)
thread[140576118241088]: 2024-04-07 14:51:22 ibv_post_recv (21)
thread[140576118241088]: 2024-04-07 14:51:22 ibv_post_recv (22)
thread[140576118241088]: 2024-04-07 14:51:22 ibv_post_recv (23)
thread[140576118241088]: 2024-04-07 14:51:22 ibv_post_recv (24)
thread[140576118241088]: 2024-04-07 14:51:22 ibv_post_recv (25)
thread[140576118241088]: 2024-04-07 14:51:22 ibv_post_recv (26)
thread[140576118241088]: 2024-04-07 14:51:22 ibv_post_recv (27)
thread[140576118241088]: 2024-04-07 14:51:22 ibv_post_recv (28)
thread[140576118241088]: 2024-04-07 14:51:22 ibv_post_recv (29)
thread[140576118241088]: 2024-04-07 14:51:22 RDMAServer Accept Success
thread[140576118241088]: 2024-04-07 14:51:22 RDMAProxy Detach
thread[140576117368576]: 2024-04-07 14:51:22 RECV Msg(0), addr:94713164346336 : thread 0 : 0
thread[140576117368576]: 2024-04-07 14:51:22 ibv_post_recv (30)
thread[140576117368576]: 2024-04-07 14:51:22 RECV Msg(1), addr:94713164346386 : thread 1 : 0
thread[140576117368576]: 2024-04-07 14:51:22 ibv_post_recv (31)
thread[140576117368576]: 2024-04-07 14:51:22 RECV Msg(2), addr:94713164346436 : thread 1 : 1
thread[140576117368576]: 2024-04-07 14:51:22 ibv_post_recv (32)
thread[140576117368576]: 2024-04-07 14:51:22 RECV Msg(3), addr:94713164346486 : thread 1 : 2
thread[140576117368576]: 2024-04-07 14:51:22 ibv_post_recv (33)
thread[140576117368576]: 2024-04-07 14:51:22 RECV Msg(4), addr:94713164346536 : thread 1 : 3
thread[140576117368576]: 2024-04-07 14:51:22 ibv_post_recv (34)
thread[140576117368576]: 2024-04-07 14:51:22 RECV Msg(5), addr:94713164346586 : thread 1 : 4
thread[140576117368576]: 2024-04-07 14:51:22 ibv_post_recv (35)
thread[140576117368576]: 2024-04-07 14:51:22 RECV Msg(6), addr:94713164346636 : thread 1 : 5
thread[140576117368576]: 2024-04-07 14:51:22 ibv_post_recv (36)
thread[140576117368576]: 2024-04-07 14:51:22 RECV Msg(7), addr:94713164346686 : thread 1 : 6
thread[140576117368576]: 2024-04-07 14:51:22 ibv_post_recv (37)
thread[140576117368576]: 2024-04-07 14:51:22 RECV Msg(8), addr:94713164346736 : thread 1 : 7
thread[140576117368576]: 2024-04-07 14:51:22 ibv_post_recv (38)
thread[140576117368576]: 2024-04-07 14:51:22 RECV Msg(9), addr:94713164346786 : thread 1 : 8
thread[140576117368576]: 2024-04-07 14:51:22 ibv_post_recv (39)
thread[140576117368576]: 2024-04-07 14:51:22 RECV Msg(10), addr:94713164346836 : thread 1 : 9
thread[140576117368576]: 2024-04-07 14:51:22 ibv_post_recv (40)
thread[140576117368576]: 2024-04-07 14:51:22 RECV Msg(11), addr:94713164346886 : thread 0 : 1
thread[140576117368576]: 2024-04-07 14:51:22 ibv_post_recv (41)
thread[140576117368576]: 2024-04-07 14:51:22 RECV Msg(12), addr:94713164346936 : thread 0 : 2
thread[140576117368576]: 2024-04-07 14:51:22 ibv_post_recv (42)
thread[140576117368576]: 2024-04-07 14:51:22 RECV Msg(13), addr:94713164346986 : thread 0 : 3
thread[140576117368576]: 2024-04-07 14:51:22 ibv_post_recv (43)
thread[140576117368576]: 2024-04-07 14:51:22 RECV Msg(14), addr:94713164347036 : thread 0 : 4
thread[140576117368576]: 2024-04-07 14:51:22 ibv_post_recv (44)
thread[140576117368576]: 2024-04-07 14:51:22 RECV Msg(15), addr:94713164347086 : thread 0 : 5
thread[140576117368576]: 2024-04-07 14:51:22 ibv_post_recv (45)
thread[140576117368576]: 2024-04-07 14:51:22 RECV Msg(16), addr:94713164347136 : thread 0 : 6
thread[140576117368576]: 2024-04-07 14:51:22 ibv_post_recv (46)
thread[140576117368576]: 2024-04-07 14:51:22 RECV Msg(17), addr:94713164347186 : thread 0 : 7
thread[140576117368576]: 2024-04-07 14:51:22 ibv_post_recv (47)
thread[140576117368576]: 2024-04-07 14:51:22 RECV Msg(18), addr:94713164347236 : thread 0 : 8
thread[140576117368576]: 2024-04-07 14:51:22 ibv_post_recv (48)
thread[140576117368576]: 2024-04-07 14:51:22 RECV Msg(19), addr:94713164347286 : thread 0 : 9
thread[140576117368576]: 2024-04-07 14:51:22 ibv_post_recv (49)
thread[140576117368576]: 2024-04-07 14:51:22 RECV Msg(20), addr:94713164347336 : thread 2 : 0
thread[140576117368576]: 2024-04-07 14:51:22 ibv_post_recv (50)
thread[140576117368576]: 2024-04-07 14:51:22 RECV Msg(21), addr:94713164347386 : thread 2 : 1
thread[140576117368576]: 2024-04-07 14:51:22 ibv_post_recv (51)
thread[140576117368576]: 2024-04-07 14:51:22 RECV Msg(22), addr:94713164347436 : thread 2 : 2
thread[140576117368576]: 2024-04-07 14:51:22 ibv_post_recv (52)
thread[140576117368576]: 2024-04-07 14:51:22 RECV Msg(23), addr:94713164347486 : thread 2 : 3
thread[140576117368576]: 2024-04-07 14:51:22 ibv_post_recv (53)
thread[140576117368576]: 2024-04-07 14:51:22 RECV Msg(24), addr:94713164347536 : thread 2 : 4
thread[140576117368576]: 2024-04-07 14:51:22 ibv_post_recv (54)
thread[140576117368576]: 2024-04-07 14:51:22 RECV Msg(25), addr:94713164347586 : thread 2 : 5
thread[140576117368576]: 2024-04-07 14:51:22 ibv_post_recv (55)
thread[140576117368576]: 2024-04-07 14:51:22 RECV Msg(26), addr:94713164347636 : thread 2 : 6
thread[140576117368576]: 2024-04-07 14:51:22 ibv_post_recv (56)
thread[140576117368576]: 2024-04-07 14:51:22 RECV Msg(27), addr:94713164347686 : thread 2 : 7
thread[140576117368576]: 2024-04-07 14:51:22 ibv_post_recv (57)
thread[140576117368576]: 2024-04-07 14:51:22 RECV Msg(28), addr:94713164347736 : thread 2 : 8
thread[140576117368576]: 2024-04-07 14:51:22 ibv_post_recv (58)
thread[140576117368576]: 2024-04-07 14:51:22 RECV Msg(29), addr:94713164347786 : thread 2 : 9
thread[140576117368576]: 2024-04-07 14:51:22 ibv_post_recv (59)
thread[140576108975872]: 2024-04-07 14:51:25 RDMAProxy Disconnected
thread[140576118241088]: 2024-04-07 14:51:25 RecvMessage: Proxy Closing
thread[140576118241088]: 2024-04-07 14:51:25 Disconnect
thread[140576117368576]: 2024-04-07 14:51:25 PollCQ() Exit
thread[140576118241088]: 2024-04-07 14:51:25 ~RDMAProxy() Done
thread[140576118241088]: 2024-04-07 14:51:25 ~MRManager()
thread[140576118241088]: 2024-04-07 14:51:25 ~MRManager()
thread[140576118241088]: 2024-04-07 14:51:53 RDMAServer Receive Connect Request
thread[140576118241088]: 2024-04-07 14:51:53 ibv_post_recv (0)
thread[140576118241088]: 2024-04-07 14:51:53 ibv_post_recv (1)
thread[140576118241088]: 2024-04-07 14:51:53 ibv_post_recv (2)
thread[140576118241088]: 2024-04-07 14:51:53 ibv_post_recv (3)
thread[140576118241088]: 2024-04-07 14:51:53 ibv_post_recv (4)
thread[140576118241088]: 2024-04-07 14:51:53 ibv_post_recv (5)
thread[140576118241088]: 2024-04-07 14:51:53 ibv_post_recv (6)
thread[140576118241088]: 2024-04-07 14:51:53 ibv_post_recv (7)
thread[140576118241088]: 2024-04-07 14:51:53 ibv_post_recv (8)
thread[140576118241088]: 2024-04-07 14:51:53 ibv_post_recv (9)
thread[140576118241088]: 2024-04-07 14:51:53 ibv_post_recv (10)
thread[140576118241088]: 2024-04-07 14:51:53 ibv_post_recv (11)
thread[140576118241088]: 2024-04-07 14:51:53 ibv_post_recv (12)
thread[140576118241088]: 2024-04-07 14:51:53 ibv_post_recv (13)
thread[140576118241088]: 2024-04-07 14:51:53 ibv_post_recv (14)
thread[140576118241088]: 2024-04-07 14:51:53 ibv_post_recv (15)
thread[140576118241088]: 2024-04-07 14:51:53 ibv_post_recv (16)
thread[140576118241088]: 2024-04-07 14:51:53 ibv_post_recv (17)
thread[140576118241088]: 2024-04-07 14:51:53 ibv_post_recv (18)
thread[140576118241088]: 2024-04-07 14:51:53 ibv_post_recv (19)
thread[140576118241088]: 2024-04-07 14:51:53 ibv_post_recv (20)
thread[140576118241088]: 2024-04-07 14:51:53 ibv_post_recv (21)
thread[140576118241088]: 2024-04-07 14:51:53 ibv_post_recv (22)
thread[140576118241088]: 2024-04-07 14:51:53 ibv_post_recv (23)
thread[140576118241088]: 2024-04-07 14:51:53 ibv_post_recv (24)
thread[140576118241088]: 2024-04-07 14:51:53 ibv_post_recv (25)
thread[140576118241088]: 2024-04-07 14:51:53 ibv_post_recv (26)
thread[140576118241088]: 2024-04-07 14:51:53 ibv_post_recv (27)
thread[140576118241088]: 2024-04-07 14:51:53 ibv_post_recv (28)
thread[140576118241088]: 2024-04-07 14:51:53 ibv_post_recv (29)
thread[140576118241088]: 2024-04-07 14:51:54 RDMAServer Accept Success
thread[140576118241088]: 2024-04-07 14:51:54 RDMAProxy Detach
thread[140576117368576]: 2024-04-07 14:51:54 RECV Msg(0), addr:94713164346336 : thread 0 : 0
thread[140576117368576]: 2024-04-07 14:51:54 ibv_post_recv (30)
thread[140576117368576]: 2024-04-07 14:51:54 RECV Msg(1), addr:94713164346386 : thread 0 : 1
thread[140576117368576]: 2024-04-07 14:51:54 ibv_post_recv (31)
thread[140576117368576]: 2024-04-07 14:51:54 RECV Msg(2), addr:94713164346436 : thread 0 : 2
thread[140576117368576]: 2024-04-07 14:51:54 ibv_post_recv (32)
thread[140576117368576]: 2024-04-07 14:51:54 RECV Msg(3), addr:94713164346486 : thread 0 : 3
thread[140576117368576]: 2024-04-07 14:51:54 ibv_post_recv (33)
thread[140576117368576]: 2024-04-07 14:51:54 RECV Msg(4), addr:94713164346536 : thread 0 : 4
thread[140576117368576]: 2024-04-07 14:51:54 ibv_post_recv (34)
thread[140576117368576]: 2024-04-07 14:51:54 RECV Msg(5), addr:94713164346586 : thread 0 : 5
thread[140576117368576]: 2024-04-07 14:51:54 ibv_post_recv (35)
thread[140576117368576]: 2024-04-07 14:51:54 RECV Msg(6), addr:94713164346636 : thread 0 : 6
thread[140576117368576]: 2024-04-07 14:51:54 ibv_post_recv (36)
thread[140576117368576]: 2024-04-07 14:51:54 RECV Msg(7), addr:94713164346686 : thread 0 : 7
thread[140576117368576]: 2024-04-07 14:51:54 ibv_post_recv (37)
thread[140576117368576]: 2024-04-07 14:51:54 RECV Msg(8), addr:94713164346736 : thread 0 : 8
thread[140576117368576]: 2024-04-07 14:51:54 ibv_post_recv (38)
thread[140576117368576]: 2024-04-07 14:51:54 RECV Msg(9), addr:94713164346786 : thread 0 : 9
thread[140576117368576]: 2024-04-07 14:51:54 ibv_post_recv (39)
thread[140576117368576]: 2024-04-07 14:51:54 RECV Msg(10), addr:94713164346836 : thread 2 : 0
thread[140576117368576]: 2024-04-07 14:51:54 ibv_post_recv (40)
thread[140576117368576]: 2024-04-07 14:51:54 RECV Msg(11), addr:94713164346886 : thread 2 : 1
thread[140576117368576]: 2024-04-07 14:51:54 ibv_post_recv (41)
thread[140576117368576]: 2024-04-07 14:51:54 RECV Msg(12), addr:94713164346936 : thread 2 : 2
thread[140576117368576]: 2024-04-07 14:51:54 ibv_post_recv (42)
thread[140576117368576]: 2024-04-07 14:51:54 RECV Msg(13), addr:94713164346986 : thread 2 : 3
thread[140576117368576]: 2024-04-07 14:51:54 ibv_post_recv (43)
thread[140576117368576]: 2024-04-07 14:51:54 RECV Msg(14), addr:94713164347036 : thread 2 : 4
thread[140576117368576]: 2024-04-07 14:51:54 ibv_post_recv (44)
thread[140576117368576]: 2024-04-07 14:51:54 RECV Msg(15), addr:94713164347086 : thread 1 : 0
thread[140576117368576]: 2024-04-07 14:51:54 ibv_post_recv (45)
thread[140576117368576]: 2024-04-07 14:51:54 RECV Msg(16), addr:94713164347136 : thread 1 : 1
thread[140576117368576]: 2024-04-07 14:51:54 ibv_post_recv (46)
thread[140576117368576]: 2024-04-07 14:51:54 RECV Msg(17), addr:94713164347186 : thread 1 : 2
thread[140576117368576]: 2024-04-07 14:51:54 ibv_post_recv (47)
thread[140576117368576]: 2024-04-07 14:51:54 RECV Msg(18), addr:94713164347236 : thread 1 : 3
thread[140576117368576]: 2024-04-07 14:51:54 ibv_post_recv (48)
thread[140576117368576]: 2024-04-07 14:51:54 RECV Msg(19), addr:94713164347286 : thread 1 : 4
thread[140576117368576]: 2024-04-07 14:51:54 ibv_post_recv (49)
thread[140576117368576]: 2024-04-07 14:51:54 RECV Msg(20), addr:94713164347336 : thread 1 : 5
thread[140576117368576]: 2024-04-07 14:51:54 ibv_post_recv (50)
thread[140576117368576]: 2024-04-07 14:51:54 RECV Msg(21), addr:94713164347386 : thread 1 : 6
thread[140576117368576]: 2024-04-07 14:51:54 ibv_post_recv (51)
thread[140576117368576]: 2024-04-07 14:51:54 RECV Msg(22), addr:94713164347436 : thread 1 : 7
thread[140576117368576]: 2024-04-07 14:51:54 ibv_post_recv (52)
thread[140576117368576]: 2024-04-07 14:51:54 RECV Msg(23), addr:94713164347486 : thread 1 : 8
thread[140576117368576]: 2024-04-07 14:51:54 ibv_post_recv (53)
thread[140576117368576]: 2024-04-07 14:51:54 RECV Msg(24), addr:94713164347536 : thread 1 : 9
thread[140576117368576]: 2024-04-07 14:51:54 ibv_post_recv (54)
thread[140576117368576]: 2024-04-07 14:51:54 RECV Msg(25), addr:94713164347586 : thread 2 : 5
thread[140576117368576]: 2024-04-07 14:51:54 ibv_post_recv (55)
thread[140576117368576]: 2024-04-07 14:51:54 RECV Msg(26), addr:94713164347636 : thread 2 : 6
thread[140576117368576]: 2024-04-07 14:51:54 ibv_post_recv (56)
thread[140576117368576]: 2024-04-07 14:51:54 RECV Msg(27), addr:94713164347686 : thread 2 : 7
thread[140576117368576]: 2024-04-07 14:51:54 ibv_post_recv (57)
thread[140576117368576]: 2024-04-07 14:51:54 RECV Msg(28), addr:94713164347736 : thread 2 : 8
thread[140576117368576]: 2024-04-07 14:51:54 ibv_post_recv (58)
thread[140576117368576]: 2024-04-07 14:51:54 RECV Msg(29), addr:94713164347786 : thread 2 : 9
thread[140576117368576]: 2024-04-07 14:51:54 ibv_post_recv (59)
thread[140576108975872]: 2024-04-07 14:51:57 RDMAProxy Disconnected
thread[140576118241088]: 2024-04-07 14:51:57 RecvMessage: Proxy Closing
thread[140576118241088]: 2024-04-07 14:51:57 Disconnect
thread[140576117368576]: 2024-04-07 14:51:57 PollCQ() Exit
thread[140576118241088]: 2024-04-07 14:51:57 ~RDMAProxy() Done
thread[140576118241088]: 2024-04-07 14:51:57 ~MRManager()
thread[140576118241088]: 2024-04-07 14:51:57 ~MRManager()
thread[140576118241088]: 2024-04-07 14:52:48 RDMAServer Receive Connect Request
thread[140576118241088]: 2024-04-07 14:52:48 ibv_post_recv (0)
thread[140576118241088]: 2024-04-07 14:52:48 ibv_post_recv (1)
thread[140576118241088]: 2024-04-07 14:52:48 ibv_post_recv (2)
thread[140576118241088]: 2024-04-07 14:52:48 ibv_post_recv (3)
thread[140576118241088]: 2024-04-07 14:52:48 ibv_post_recv (4)
thread[140576118241088]: 2024-04-07 14:52:48 ibv_post_recv (5)
thread[140576118241088]: 2024-04-07 14:52:48 ibv_post_recv (6)
thread[140576118241088]: 2024-04-07 14:52:48 ibv_post_recv (7)
thread[140576118241088]: 2024-04-07 14:52:48 ibv_post_recv (8)
thread[140576118241088]: 2024-04-07 14:52:48 ibv_post_recv (9)
thread[140576118241088]: 2024-04-07 14:52:48 ibv_post_recv (10)
thread[140576118241088]: 2024-04-07 14:52:48 ibv_post_recv (11)
thread[140576118241088]: 2024-04-07 14:52:48 ibv_post_recv (12)
thread[140576118241088]: 2024-04-07 14:52:48 ibv_post_recv (13)
thread[140576118241088]: 2024-04-07 14:52:48 ibv_post_recv (14)
thread[140576118241088]: 2024-04-07 14:52:48 ibv_post_recv (15)
thread[140576118241088]: 2024-04-07 14:52:48 ibv_post_recv (16)
thread[140576118241088]: 2024-04-07 14:52:48 ibv_post_recv (17)
thread[140576118241088]: 2024-04-07 14:52:48 ibv_post_recv (18)
thread[140576118241088]: 2024-04-07 14:52:48 ibv_post_recv (19)
thread[140576118241088]: 2024-04-07 14:52:48 ibv_post_recv (20)
thread[140576118241088]: 2024-04-07 14:52:48 ibv_post_recv (21)
thread[140576118241088]: 2024-04-07 14:52:48 ibv_post_recv (22)
thread[140576118241088]: 2024-04-07 14:52:48 ibv_post_recv (23)
thread[140576118241088]: 2024-04-07 14:52:48 ibv_post_recv (24)
thread[140576118241088]: 2024-04-07 14:52:48 ibv_post_recv (25)
thread[140576118241088]: 2024-04-07 14:52:48 ibv_post_recv (26)
thread[140576118241088]: 2024-04-07 14:52:48 ibv_post_recv (27)
thread[140576118241088]: 2024-04-07 14:52:48 ibv_post_recv (28)
thread[140576118241088]: 2024-04-07 14:52:48 ibv_post_recv (29)
thread[140576118241088]: 2024-04-07 14:52:48 RDMAServer Accept Success
thread[140576118241088]: 2024-04-07 14:52:48 RDMAProxy Detach
thread[140576117368576]: 2024-04-07 14:52:48 RECV Msg(0), addr:94713164346336 : thread 0 : 0
thread[140576117368576]: 2024-04-07 14:52:48 ibv_post_recv (30)
thread[140576117368576]: 2024-04-07 14:52:48 RECV Msg(1), addr:94713164346386 : thread 0 : 1
thread[140576117368576]: 2024-04-07 14:52:48 ibv_post_recv (31)
thread[140576117368576]: 2024-04-07 14:52:48 RECV Msg(2), addr:94713164346436 : thread 0 : 2
thread[140576117368576]: 2024-04-07 14:52:48 ibv_post_recv (32)
thread[140576117368576]: 2024-04-07 14:52:48 RECV Msg(3), addr:94713164346486 : thread 0 : 3
thread[140576117368576]: 2024-04-07 14:52:48 ibv_post_recv (33)
thread[140576117368576]: 2024-04-07 14:52:48 RECV Msg(4), addr:94713164346536 : thread 1 : 0
thread[140576117368576]: 2024-04-07 14:52:48 ibv_post_recv (34)
thread[140576117368576]: 2024-04-07 14:52:48 RECV Msg(5), addr:94713164346586 : thread 1 : 1
thread[140576117368576]: 2024-04-07 14:52:48 ibv_post_recv (35)
thread[140576117368576]: 2024-04-07 14:52:48 RECV Msg(6), addr:94713164346636 : thread 1 : 2
thread[140576117368576]: 2024-04-07 14:52:48 ibv_post_recv (36)
thread[140576117368576]: 2024-04-07 14:52:48 RECV Msg(7), addr:94713164346686 : thread 1 : 3
thread[140576117368576]: 2024-04-07 14:52:48 ibv_post_recv (37)
thread[140576117368576]: 2024-04-07 14:52:48 RECV Msg(8), addr:94713164346736 : thread 1 : 4
thread[140576117368576]: 2024-04-07 14:52:48 ibv_post_recv (38)
thread[140576117368576]: 2024-04-07 14:52:48 RECV Msg(9), addr:94713164346786 : thread 1 : 5
thread[140576117368576]: 2024-04-07 14:52:48 ibv_post_recv (39)
thread[140576117368576]: 2024-04-07 14:52:48 RECV Msg(10), addr:94713164346836 : thread 1 : 6
thread[140576117368576]: 2024-04-07 14:52:48 ibv_post_recv (40)
thread[140576117368576]: 2024-04-07 14:52:48 RECV Msg(11), addr:94713164346886 : thread 1 : 7
thread[140576117368576]: 2024-04-07 14:52:48 ibv_post_recv (41)
thread[140576117368576]: 2024-04-07 14:52:48 RECV Msg(12), addr:94713164346936 : thread 1 : 8
thread[140576117368576]: 2024-04-07 14:52:48 ibv_post_recv (42)
thread[140576117368576]: 2024-04-07 14:52:48 RECV Msg(13), addr:94713164346986 : thread 1 : 9
thread[140576117368576]: 2024-04-07 14:52:48 ibv_post_recv (43)
thread[140576117368576]: 2024-04-07 14:52:48 RECV Msg(14), addr:94713164347036 : thread 0 : 4
thread[140576117368576]: 2024-04-07 14:52:48 ibv_post_recv (44)
thread[140576117368576]: 2024-04-07 14:52:48 RECV Msg(15), addr:94713164347086 : thread 0 : 5
thread[140576117368576]: 2024-04-07 14:52:48 ibv_post_recv (45)
thread[140576117368576]: 2024-04-07 14:52:48 RECV Msg(16), addr:94713164347136 : thread 0 : 6
thread[140576117368576]: 2024-04-07 14:52:48 ibv_post_recv (46)
thread[140576117368576]: 2024-04-07 14:52:48 RECV Msg(17), addr:94713164347186 : thread 0 : 7
thread[140576117368576]: 2024-04-07 14:52:48 ibv_post_recv (47)
thread[140576117368576]: 2024-04-07 14:52:48 RECV Msg(18), addr:94713164347236 : thread 0 : 8
thread[140576117368576]: 2024-04-07 14:52:48 ibv_post_recv (48)
thread[140576117368576]: 2024-04-07 14:52:48 RECV Msg(19), addr:94713164347286 : thread 0 : 9
thread[140576117368576]: 2024-04-07 14:52:48 ibv_post_recv (49)
thread[140576117368576]: 2024-04-07 14:52:48 RECV Msg(20), addr:94713164347336 : thread 2 : 0
thread[140576117368576]: 2024-04-07 14:52:48 ibv_post_recv (50)
thread[140576117368576]: 2024-04-07 14:52:48 RECV Msg(21), addr:94713164347386 : thread 2 : 1
thread[140576117368576]: 2024-04-07 14:52:48 ibv_post_recv (51)
thread[140576117368576]: 2024-04-07 14:52:48 RECV Msg(22), addr:94713164347436 : thread 2 : 2
thread[140576117368576]: 2024-04-07 14:52:48 ibv_post_recv (52)
thread[140576117368576]: 2024-04-07 14:52:48 RECV Msg(23), addr:94713164347486 : thread 2 : 3
thread[140576117368576]: 2024-04-07 14:52:48 ibv_post_recv (53)
thread[140576117368576]: 2024-04-07 14:52:48 RECV Msg(24), addr:94713164347536 : thread 2 : 4
thread[140576117368576]: 2024-04-07 14:52:48 ibv_post_recv (54)
thread[140576117368576]: 2024-04-07 14:52:48 RECV Msg(25), addr:94713164347586 : thread 2 : 5
thread[140576117368576]: 2024-04-07 14:52:48 ibv_post_recv (55)
thread[140576117368576]: 2024-04-07 14:52:48 RECV Msg(26), addr:94713164347636 : thread 2 : 6
thread[140576117368576]: 2024-04-07 14:52:48 ibv_post_recv (56)
thread[140576117368576]: 2024-04-07 14:52:48 RECV Msg(27), addr:94713164347686 : thread 2 : 7
thread[140576117368576]: 2024-04-07 14:52:48 ibv_post_recv (57)
thread[140576117368576]: 2024-04-07 14:52:48 RECV Msg(28), addr:94713164347736 : thread 2 : 8
thread[140576117368576]: 2024-04-07 14:52:48 ibv_post_recv (58)
thread[140576117368576]: 2024-04-07 14:52:48 RECV Msg(29), addr:94713164347786 : thread 2 : 9
thread[140576117368576]: 2024-04-07 14:52:48 ibv_post_recv (59)
thread[140576108975872]: 2024-04-07 14:52:51 RDMAProxy Disconnected
thread[140576118241088]: 2024-04-07 14:52:51 RecvMessage: Proxy Closing
thread[140576118241088]: 2024-04-07 14:52:51 Disconnect
thread[140576117368576]: 2024-04-07 14:52:51 PollCQ() Exit
thread[140576118241088]: 2024-04-07 14:52:51 ~RDMAProxy() Done
thread[140576118241088]: 2024-04-07 14:52:51 ~MRManager()
thread[140576118241088]: 2024-04-07 14:52:51 ~MRManager()
thread[140576118241088]: 2024-04-07 14:53:13 RDMAServer Receive Connect Request
thread[140576118241088]: 2024-04-07 14:53:13 ibv_post_recv (0)
thread[140576118241088]: 2024-04-07 14:53:13 ibv_post_recv (1)
thread[140576118241088]: 2024-04-07 14:53:13 ibv_post_recv (2)
thread[140576118241088]: 2024-04-07 14:53:13 ibv_post_recv (3)
thread[140576118241088]: 2024-04-07 14:53:13 ibv_post_recv (4)
thread[140576118241088]: 2024-04-07 14:53:13 ibv_post_recv (5)
thread[140576118241088]: 2024-04-07 14:53:13 ibv_post_recv (6)
thread[140576118241088]: 2024-04-07 14:53:13 ibv_post_recv (7)
thread[140576118241088]: 2024-04-07 14:53:13 ibv_post_recv (8)
thread[140576118241088]: 2024-04-07 14:53:13 ibv_post_recv (9)
thread[140576118241088]: 2024-04-07 14:53:13 ibv_post_recv (10)
thread[140576118241088]: 2024-04-07 14:53:13 ibv_post_recv (11)
thread[140576118241088]: 2024-04-07 14:53:13 ibv_post_recv (12)
thread[140576118241088]: 2024-04-07 14:53:13 ibv_post_recv (13)
thread[140576118241088]: 2024-04-07 14:53:13 ibv_post_recv (14)
thread[140576118241088]: 2024-04-07 14:53:13 ibv_post_recv (15)
thread[140576118241088]: 2024-04-07 14:53:13 ibv_post_recv (16)
thread[140576118241088]: 2024-04-07 14:53:13 ibv_post_recv (17)
thread[140576118241088]: 2024-04-07 14:53:13 ibv_post_recv (18)
thread[140576118241088]: 2024-04-07 14:53:13 ibv_post_recv (19)
thread[140576118241088]: 2024-04-07 14:53:13 ibv_post_recv (20)
thread[140576118241088]: 2024-04-07 14:53:13 ibv_post_recv (21)
thread[140576118241088]: 2024-04-07 14:53:13 ibv_post_recv (22)
thread[140576118241088]: 2024-04-07 14:53:13 ibv_post_recv (23)
thread[140576118241088]: 2024-04-07 14:53:13 ibv_post_recv (24)
thread[140576118241088]: 2024-04-07 14:53:13 ibv_post_recv (25)
thread[140576118241088]: 2024-04-07 14:53:13 ibv_post_recv (26)
thread[140576118241088]: 2024-04-07 14:53:13 ibv_post_recv (27)
thread[140576118241088]: 2024-04-07 14:53:13 ibv_post_recv (28)
thread[140576118241088]: 2024-04-07 14:53:13 ibv_post_recv (29)
thread[140576118241088]: 2024-04-07 14:53:13 RDMAServer Accept Success
thread[140576118241088]: 2024-04-07 14:53:13 RDMAProxy Detach
thread[140576117368576]: 2024-04-07 14:53:13 RECV Msg(0), addr:94713164346336 : thread 0 : 0
thread[140576117368576]: 2024-04-07 14:53:13 ibv_post_recv (30)
thread[140576117368576]: 2024-04-07 14:53:13 RECV Msg(1), addr:94713164346386 : thread 0 : 1
thread[140576117368576]: 2024-04-07 14:53:13 ibv_post_recv (31)
thread[140576117368576]: 2024-04-07 14:53:13 RECV Msg(2), addr:94713164346436 : thread 2 : 0
thread[140576117368576]: 2024-04-07 14:53:13 ibv_post_recv (32)
thread[140576117368576]: 2024-04-07 14:53:13 RECV Msg(3), addr:94713164346486 : thread 1 : 0
thread[140576117368576]: 2024-04-07 14:53:13 ibv_post_recv (33)
thread[140576117368576]: 2024-04-07 14:53:13 RECV Msg(4), addr:94713164346536 : thread 0 : 2
thread[140576117368576]: 2024-04-07 14:53:13 ibv_post_recv (34)
thread[140576117368576]: 2024-04-07 14:53:13 RECV Msg(5), addr:94713164346586 : thread 0 : 3
thread[140576117368576]: 2024-04-07 14:53:13 ibv_post_recv (35)
thread[140576117368576]: 2024-04-07 14:53:13 RECV Msg(6), addr:94713164346636 : thread 0 : 4
thread[140576117368576]: 2024-04-07 14:53:13 ibv_post_recv (36)
thread[140576117368576]: 2024-04-07 14:53:13 RECV Msg(7), addr:94713164346686 : thread 0 : 5
thread[140576117368576]: 2024-04-07 14:53:13 ibv_post_recv (37)
thread[140576117368576]: 2024-04-07 14:53:13 RECV Msg(8), addr:94713164346736 : thread 0 : 6
thread[140576117368576]: 2024-04-07 14:53:13 ibv_post_recv (38)
thread[140576117368576]: 2024-04-07 14:53:13 RECV Msg(9), addr:94713164346786 : thread 1 : 1
thread[140576117368576]: 2024-04-07 14:53:13 ibv_post_recv (39)
thread[140576117368576]: 2024-04-07 14:53:13 RECV Msg(10), addr:94713164346836 : thread 1 : 2
thread[140576117368576]: 2024-04-07 14:53:13 ibv_post_recv (40)
thread[140576117368576]: 2024-04-07 14:53:13 RECV Msg(11), addr:94713164346886 : thread 2 : 1
thread[140576117368576]: 2024-04-07 14:53:13 ibv_post_recv (41)
thread[140576117368576]: 2024-04-07 14:53:13 RECV Msg(12), addr:94713164346936 : thread 1 : 3
thread[140576117368576]: 2024-04-07 14:53:13 ibv_post_recv (42)
thread[140576117368576]: 2024-04-07 14:53:13 RECV Msg(13), addr:94713164346986 : thread 1 : 4
thread[140576117368576]: 2024-04-07 14:53:13 ibv_post_recv (43)
thread[140576117368576]: 2024-04-07 14:53:13 RECV Msg(14), addr:94713164347036 : thread 2 : 2
thread[140576117368576]: 2024-04-07 14:53:13 ibv_post_recv (44)
thread[140576117368576]: 2024-04-07 14:53:13 RECV Msg(15), addr:94713164347086 : thread 1 : 5
thread[140576117368576]: 2024-04-07 14:53:13 ibv_post_recv (45)
thread[140576117368576]: 2024-04-07 14:53:13 RECV Msg(16), addr:94713164347136 : thread 2 : 3
thread[140576117368576]: 2024-04-07 14:53:13 ibv_post_recv (46)
thread[140576117368576]: 2024-04-07 14:53:13 RECV Msg(17), addr:94713164347186 : thread 1 : 6
thread[140576117368576]: 2024-04-07 14:53:13 ibv_post_recv (47)
thread[140576117368576]: 2024-04-07 14:53:13 RECV Msg(18), addr:94713164347236 : thread 1 : 7
thread[140576117368576]: 2024-04-07 14:53:13 ibv_post_recv (48)
thread[140576117368576]: 2024-04-07 14:53:13 RECV Msg(19), addr:94713164347286 : thread 1 : 8
thread[140576117368576]: 2024-04-07 14:53:13 ibv_post_recv (49)
thread[140576117368576]: 2024-04-07 14:53:13 RECV Msg(20), addr:94713164347336 : thread 2 : 4
thread[140576117368576]: 2024-04-07 14:53:13 ibv_post_recv (50)
thread[140576117368576]: 2024-04-07 14:53:13 RECV Msg(21), addr:94713164347386 : thread 1 : 9
thread[140576117368576]: 2024-04-07 14:53:13 ibv_post_recv (51)
thread[140576117368576]: 2024-04-07 14:53:13 RECV Msg(22), addr:94713164347436 : thread 2 : 5
thread[140576117368576]: 2024-04-07 14:53:13 ibv_post_recv (52)
thread[140576117368576]: 2024-04-07 14:53:13 RECV Msg(23), addr:94713164347486 : thread 2 : 6
thread[140576117368576]: 2024-04-07 14:53:13 ibv_post_recv (53)
thread[140576117368576]: 2024-04-07 14:53:13 RECV Msg(24), addr:94713164347536 : thread 2 : 7
thread[140576117368576]: 2024-04-07 14:53:13 ibv_post_recv (54)
thread[140576117368576]: 2024-04-07 14:53:13 RECV Msg(25), addr:94713164347586 : thread 2 : 8
thread[140576117368576]: 2024-04-07 14:53:13 ibv_post_recv (55)
thread[140576117368576]: 2024-04-07 14:53:13 RECV Msg(26), addr:94713164347636 : thread 2 : 9
thread[140576117368576]: 2024-04-07 14:53:13 ibv_post_recv (56)
thread[140576117368576]: 2024-04-07 14:53:13 RECV Msg(27), addr:94713164347686 : thread 0 : 7
thread[140576117368576]: 2024-04-07 14:53:13 ibv_post_recv (57)
thread[140576117368576]: 2024-04-07 14:53:13 RECV Msg(28), addr:94713164347736 : thread 0 : 8
thread[140576117368576]: 2024-04-07 14:53:13 ibv_post_recv (58)
thread[140576117368576]: 2024-04-07 14:53:13 RECV Msg(29), addr:94713164347786 : thread 0 : 9
thread[140576117368576]: 2024-04-07 14:53:13 ibv_post_recv (59)
thread[140576108975872]: 2024-04-07 14:53:22 RDMAProxy Disconnected
thread[140576118241088]: 2024-04-07 14:53:22 RecvMessage: Proxy Closing
thread[140576118241088]: 2024-04-07 14:53:22 Disconnect
thread[140576117368576]: 2024-04-07 14:53:22 PollCQ() Exit
thread[140576118241088]: 2024-04-07 14:53:22 ~RDMAProxy() Done
thread[140576118241088]: 2024-04-07 14:53:22 ~MRManager()
thread[140576118241088]: 2024-04-07 14:53:22 ~MRManager()
thread[140576118241088]: 2024-04-07 14:55:31 RDMAServer Receive Connect Request
thread[140576118241088]: 2024-04-07 14:55:31 ibv_post_recv (0)
thread[140576118241088]: 2024-04-07 14:55:31 ibv_post_recv (1)
thread[140576118241088]: 2024-04-07 14:55:31 ibv_post_recv (2)
thread[140576118241088]: 2024-04-07 14:55:31 ibv_post_recv (3)
thread[140576118241088]: 2024-04-07 14:55:31 ibv_post_recv (4)
thread[140576118241088]: 2024-04-07 14:55:31 ibv_post_recv (5)
thread[140576118241088]: 2024-04-07 14:55:31 ibv_post_recv (6)
thread[140576118241088]: 2024-04-07 14:55:31 ibv_post_recv (7)
thread[140576118241088]: 2024-04-07 14:55:31 ibv_post_recv (8)
thread[140576118241088]: 2024-04-07 14:55:31 ibv_post_recv (9)
thread[140576118241088]: 2024-04-07 14:55:31 ibv_post_recv (10)
thread[140576118241088]: 2024-04-07 14:55:31 ibv_post_recv (11)
thread[140576118241088]: 2024-04-07 14:55:31 ibv_post_recv (12)
thread[140576118241088]: 2024-04-07 14:55:31 ibv_post_recv (13)
thread[140576118241088]: 2024-04-07 14:55:31 ibv_post_recv (14)
thread[140576118241088]: 2024-04-07 14:55:31 ibv_post_recv (15)
thread[140576118241088]: 2024-04-07 14:55:31 ibv_post_recv (16)
thread[140576118241088]: 2024-04-07 14:55:31 ibv_post_recv (17)
thread[140576118241088]: 2024-04-07 14:55:31 ibv_post_recv (18)
thread[140576118241088]: 2024-04-07 14:55:31 ibv_post_recv (19)
thread[140576118241088]: 2024-04-07 14:55:31 ibv_post_recv (20)
thread[140576118241088]: 2024-04-07 14:55:31 ibv_post_recv (21)
thread[140576118241088]: 2024-04-07 14:55:31 ibv_post_recv (22)
thread[140576118241088]: 2024-04-07 14:55:31 ibv_post_recv (23)
thread[140576118241088]: 2024-04-07 14:55:31 ibv_post_recv (24)
thread[140576118241088]: 2024-04-07 14:55:31 ibv_post_recv (25)
thread[140576118241088]: 2024-04-07 14:55:31 ibv_post_recv (26)
thread[140576118241088]: 2024-04-07 14:55:31 ibv_post_recv (27)
thread[140576118241088]: 2024-04-07 14:55:31 ibv_post_recv (28)
thread[140576118241088]: 2024-04-07 14:55:31 ibv_post_recv (29)
thread[140576118241088]: 2024-04-07 14:55:31 RDMAServer Accept Success
thread[140576118241088]: 2024-04-07 14:55:31 RDMAProxy Detach
thread[140576117368576]: 2024-04-07 14:55:31 RECV Msg(0), addr:94713164346336 : thread 0 : 0
thread[140576117368576]: 2024-04-07 14:55:31 ibv_post_recv (30)
thread[140576117368576]: 2024-04-07 14:55:31 RECV Msg(1), addr:94713164346386 : thread 1 : 0
thread[140576117368576]: 2024-04-07 14:55:31 ibv_post_recv (31)
thread[140576117368576]: 2024-04-07 14:55:31 RECV Msg(2), addr:94713164346436 : thread 1 : 1
thread[140576117368576]: 2024-04-07 14:55:31 ibv_post_recv (32)
thread[140576117368576]: 2024-04-07 14:55:31 RECV Msg(3), addr:94713164346486 : thread 1 : 2
thread[140576117368576]: 2024-04-07 14:55:31 ibv_post_recv (33)
thread[140576117368576]: 2024-04-07 14:55:31 RECV Msg(4), addr:94713164346536 : thread 1 : 3
thread[140576117368576]: 2024-04-07 14:55:31 ibv_post_recv (34)
thread[140576117368576]: 2024-04-07 14:55:31 RECV Msg(5), addr:94713164346586 : thread 1 : 4
thread[140576117368576]: 2024-04-07 14:55:31 ibv_post_recv (35)
thread[140576117368576]: 2024-04-07 14:55:31 RECV Msg(6), addr:94713164346636 : thread 1 : 5
thread[140576117368576]: 2024-04-07 14:55:31 ibv_post_recv (36)
thread[140576117368576]: 2024-04-07 14:55:31 RECV Msg(7), addr:94713164346686 : thread 1 : 6
thread[140576117368576]: 2024-04-07 14:55:31 ibv_post_recv (37)
thread[140576117368576]: 2024-04-07 14:55:31 RECV Msg(8), addr:94713164346736 : thread 1 : 7
thread[140576117368576]: 2024-04-07 14:55:31 ibv_post_recv (38)
thread[140576117368576]: 2024-04-07 14:55:31 RECV Msg(9), addr:94713164346786 : thread 1 : 8
thread[140576117368576]: 2024-04-07 14:55:31 ibv_post_recv (39)
thread[140576117368576]: 2024-04-07 14:55:31 RECV Msg(10), addr:94713164346836 : thread 1 : 9
thread[140576117368576]: 2024-04-07 14:55:31 ibv_post_recv (40)
thread[140576117368576]: 2024-04-07 14:55:31 RECV Msg(11), addr:94713164346886 : thread 0 : 1
thread[140576117368576]: 2024-04-07 14:55:31 ibv_post_recv (41)
thread[140576117368576]: 2024-04-07 14:55:31 RECV Msg(12), addr:94713164346936 : thread 0 : 2
thread[140576117368576]: 2024-04-07 14:55:31 ibv_post_recv (42)
thread[140576117368576]: 2024-04-07 14:55:31 RECV Msg(13), addr:94713164346986 : thread 0 : 3
thread[140576117368576]: 2024-04-07 14:55:31 ibv_post_recv (43)
thread[140576117368576]: 2024-04-07 14:55:31 RECV Msg(14), addr:94713164347036 : thread 0 : 4
thread[140576117368576]: 2024-04-07 14:55:31 ibv_post_recv (44)
thread[140576117368576]: 2024-04-07 14:55:31 RECV Msg(15), addr:94713164347086 : thread 0 : 5
thread[140576117368576]: 2024-04-07 14:55:31 ibv_post_recv (45)
thread[140576117368576]: 2024-04-07 14:55:31 RECV Msg(16), addr:94713164347136 : thread 0 : 6
thread[140576117368576]: 2024-04-07 14:55:31 ibv_post_recv (46)
thread[140576117368576]: 2024-04-07 14:55:31 RECV Msg(17), addr:94713164347186 : thread 0 : 7
thread[140576117368576]: 2024-04-07 14:55:31 ibv_post_recv (47)
thread[140576117368576]: 2024-04-07 14:55:31 RECV Msg(18), addr:94713164347236 : thread 0 : 8
thread[140576117368576]: 2024-04-07 14:55:31 ibv_post_recv (48)
thread[140576117368576]: 2024-04-07 14:55:31 RECV Msg(19), addr:94713164347286 : thread 0 : 9
thread[140576117368576]: 2024-04-07 14:55:31 ibv_post_recv (49)
thread[140576117368576]: 2024-04-07 14:55:31 RECV Msg(20), addr:94713164347336 : thread 2 : 0
thread[140576117368576]: 2024-04-07 14:55:31 ibv_post_recv (50)
thread[140576117368576]: 2024-04-07 14:55:31 RECV Msg(21), addr:94713164347386 : thread 2 : 1
thread[140576117368576]: 2024-04-07 14:55:31 ibv_post_recv (51)
thread[140576117368576]: 2024-04-07 14:55:31 RECV Msg(22), addr:94713164347436 : thread 2 : 2
thread[140576117368576]: 2024-04-07 14:55:31 ibv_post_recv (52)
thread[140576117368576]: 2024-04-07 14:55:31 RECV Msg(23), addr:94713164347486 : thread 2 : 3
thread[140576117368576]: 2024-04-07 14:55:31 ibv_post_recv (53)
thread[140576117368576]: 2024-04-07 14:55:31 RECV Msg(24), addr:94713164347536 : thread 2 : 4
thread[140576117368576]: 2024-04-07 14:55:31 ibv_post_recv (54)
thread[140576117368576]: 2024-04-07 14:55:31 RECV Msg(25), addr:94713164347586 : thread 2 : 5
thread[140576117368576]: 2024-04-07 14:55:31 ibv_post_recv (55)
thread[140576117368576]: 2024-04-07 14:55:31 RECV Msg(26), addr:94713164347636 : thread 2 : 6
thread[140576117368576]: 2024-04-07 14:55:31 ibv_post_recv (56)
thread[140576117368576]: 2024-04-07 14:55:31 RECV Msg(27), addr:94713164347686 : thread 2 : 7
thread[140576117368576]: 2024-04-07 14:55:31 ibv_post_recv (57)
thread[140576117368576]: 2024-04-07 14:55:31 RECV Msg(28), addr:94713164347736 : thread 2 : 8
thread[140576117368576]: 2024-04-07 14:55:31 ibv_post_recv (58)
thread[140576117368576]: 2024-04-07 14:55:31 RECV Msg(29), addr:94713164347786 : thread 2 : 9
thread[140576117368576]: 2024-04-07 14:55:31 ibv_post_recv (59)
thread[140576108975872]: 2024-04-07 14:55:34 RDMAProxy Disconnected
thread[140576118241088]: 2024-04-07 14:55:34 RecvMessage: Proxy Closing
thread[140576118241088]: 2024-04-07 14:55:34 Disconnect
thread[140576117368576]: 2024-04-07 14:55:34 PollCQ() Exit
thread[140576118241088]: 2024-04-07 14:55:34 ~RDMAProxy() Done
thread[140576118241088]: 2024-04-07 14:55:34 ~MRManager()
thread[140576118241088]: 2024-04-07 14:55:34 ~MRManager()
